<?xml version="1.0" encoding="UTF-8"?>
<!-- Generated by org.testng.reporters.JUnitReportReporter -->
<testsuite hostname="Akshay" failures="0" tests="1" name="Testcases.TC03_SearchItemsOnAmazon" time="48.217" errors="0" timestamp="2025-01-07T20:18:18 IST" skipped="0">
  <testcase classname="Testcases.TC03_SearchItemsOnAmazon" name="Verify_SearchItems_OnAmazon" time="48.217"/>
  <system-out/>
</testsuite> <!-- Testcases.TC03_SearchItemsOnAmazon -->
