<?xml version="1.0" encoding="UTF-8"?>
<!-- Generated by org.testng.reporters.JUnitReportReporter -->
<testsuite hostname="Akshay" failures="0" tests="1" name="Testcases.TC02_VerifyAmazonUserLoginsDetails" time="27.855" errors="0" timestamp="2025-01-07T20:18:18 IST" skipped="0">
  <testcase classname="Testcases.TC02_VerifyAmazonUserLoginsDetails" name="VerifyUserLoginsDetails" time="27.855"/>
  <system-out/>
</testsuite> <!-- Testcases.TC02_VerifyAmazonUserLoginsDetails -->
