<?xml version="1.0" encoding="UTF-8"?>
<!-- Generated by org.testng.reporters.JUnitReportReporter -->
<<<<<<< HEAD
<testsuite hostname="Akshay" failures="0" tests="1" name="Testcases.TC01_ClickOnAmazonSignInButton" time="13.388" errors="0" timestamp="2025-01-12T19:58:18 IST" skipped="0">
  <testcase classname="Testcases.TC01_ClickOnAmazonSignInButton" name="VerifyClickOnAmazonSignInButton" time="13.388"/>
=======
<testsuite hostname="Akshay" failures="0" tests="1" name="Testcases.TC01_ClickOnAmazonSignInButton" time="4.891" errors="0" timestamp="2025-01-17T23:11:02 IST" skipped="0">
  <testcase classname="Testcases.TC01_ClickOnAmazonSignInButton" name="VerifyClickOnAmazonSignInButton" time="4.891"/>
>>>>>>> main
</testsuite> <!-- Testcases.TC01_ClickOnAmazonSignInButton -->
