<?xml version="1.0" encoding="UTF-8"?>
<!-- Generated by org.testng.reporters.JUnitReportReporter -->
<testsuite hostname="Akshay" failures="0" tests="1" name="Testcases.TC01_ClickOnAmazonSignInButton" time="4.891" errors="0" timestamp="2025-01-17T23:11:02 IST" skipped="0">
  <testcase classname="Testcases.TC01_ClickOnAmazonSignInButton" name="VerifyClickOnAmazonSignInButton" time="4.891"/>
</testsuite> <!-- Testcases.TC01_ClickOnAmazonSignInButton -->
